<?xml version="1.0" encoding="UTF-8"?>
<testsuite name="com.team.recycle.repository.DataMemberRepositoryTest" tests="1" skipped="0" failures="0" errors="0" timestamp="2024-05-07T00:03:16" hostname="DESKTOP-KQ97CBJ" time="0.702">
  <properties/>
  <testcase name="save()" classname="com.team.recycle.repository.DataMemberRepositoryTest" time="0.702"/>
  <system-out><![CDATA[09:03:14.376 [Test worker] INFO org.springframework.test.context.support.AnnotationConfigContextLoaderUtils -- Could not detect default configuration classes for test class [com.team.recycle.repository.DataMemberRepositoryTest]: DataMemberRepositoryTest does not declare any static, non-private, non-final, nested classes annotated with @Configuration.
09:03:14.455 [Test worker] INFO org.springframework.boot.test.context.SpringBootTestContextBootstrapper -- Found @SpringBootConfiguration com.team.recycle.RecycleApplication for test class com.team.recycle.repository.DataMemberRepositoryTest

  .   ____          _            __ _ _
 /\\ / ___'_ __ _ _(_)_ __  __ _ \ \ \ \
( ( )\___ | '_ | '_| | '_ \/ _` | \ \ \ \
 \\/  ___)| |_)| | | | | || (_| |  ) ) ) )
  '  |____| .__|_| |_|_| |_\__, | / / / /
 =========|_|==============|___/=/_/_/_/
 :: Spring Boot ::                (v3.2.5)

2024-05-07T09:03:14.740+09:00  INFO 19012 --- [    Test worker] c.t.r.r.DataMemberRepositoryTest         : Starting DataMemberRepositoryTest using Java 17.0.10 with PID 19012 (started by user in C:\Users\user\IdeaProjects\recycle)
2024-05-07T09:03:14.741+09:00  INFO 19012 --- [    Test worker] c.t.r.r.DataMemberRepositoryTest         : No active profile set, falling back to 1 default profile: "default"
2024-05-07T09:03:15.283+09:00  INFO 19012 --- [    Test worker] .s.d.r.c.RepositoryConfigurationDelegate : Bootstrapping Spring Data JDBC repositories in DEFAULT mode.
2024-05-07T09:03:15.300+09:00  INFO 19012 --- [    Test worker] .s.d.r.c.RepositoryConfigurationDelegate : Finished Spring Data repository scanning in 12 ms. Found 0 JDBC repository interfaces.
2024-05-07T09:03:16.029+09:00  INFO 19012 --- [    Test worker] com.zaxxer.hikari.HikariDataSource       : HikariPool-1 - Starting...
2024-05-07T09:03:16.033+09:00  WARN 19012 --- [    Test worker] c.zaxxer.hikari.util.DriverDataSource    : Registered driver with driverClassName=oracle.jdbc.driver.OracleDriver was not found, trying direct instantiation.
2024-05-07T09:03:16.197+09:00  INFO 19012 --- [    Test worker] com.zaxxer.hikari.pool.HikariPool        : HikariPool-1 - Added connection oracle.jdbc.driver.T4CConnection@402b4f81
2024-05-07T09:03:16.199+09:00  INFO 19012 --- [    Test worker] com.zaxxer.hikari.HikariDataSource       : HikariPool-1 - Start completed.
2024-05-07T09:03:16.304+09:00  INFO 19012 --- [    Test worker] c.t.r.r.DataMemberRepositoryTest         : Started DataMemberRepositoryTest in 1.727 seconds (process running for 2.588)
]]></system-out>
  <system-err><![CDATA[]]></system-err>
</testsuite>
